CONSOLE - 2015-Dec-14 14:37:07.837 | 174902f9-0dd6-49d2-8934-cd149a5679d5 | INFO  | FileLogger | I am going to keep going until you tell me to stop..
CONSOLE - 2015-Dec-14 14:37:07.842 | 174902f9-0dd6-49d2-8934-cd149a5679d5 | DEBUG | FileLogger | I am doing something damn it!
CONSOLE - 2015-Dec-14 14:37:08.227 | 2abfc254-7f92-450d-b10a-e1e38121ad6d | INFO  | FileLogger | I am going to keep going until you tell me to stop..
CONSOLE - 2015-Dec-14 14:37:08.228 | 2abfc254-7f92-450d-b10a-e1e38121ad6d | DEBUG | FileLogger | I am doing something damn it!
CONSOLE - 2015-Dec-14 14:37:08.842 | 174902f9-0dd6-49d2-8934-cd149a5679d5 | INFO  | FileLogger | I am going to keep going until you tell me to stop..
CONSOLE - 2015-Dec-14 14:37:08.844 | 174902f9-0dd6-49d2-8934-cd149a5679d5 | DEBUG | FileLogger | I am doing something damn it!
CONSOLE - 2015-Dec-14 14:37:09.230 | 2abfc254-7f92-450d-b10a-e1e38121ad6d | INFO  | FileLogger | I am going to keep going until you tell me to stop..
CONSOLE - 2015-Dec-14 14:37:09.243 | 2abfc254-7f92-450d-b10a-e1e38121ad6d | DEBUG | FileLogger | I am doing something damn it!
CONSOLE - 2015-Dec-14 14:37:09.845 | 174902f9-0dd6-49d2-8934-cd149a5679d5 | INFO  | FileLogger | I am going to keep going until you tell me to stop..
CONSOLE - 2015-Dec-14 14:37:09.846 | 174902f9-0dd6-49d2-8934-cd149a5679d5 | DEBUG | FileLogger | I am doing something damn it!
CONSOLE - 2015-Dec-14 14:37:10.245 | 2abfc254-7f92-450d-b10a-e1e38121ad6d | INFO  | FileLogger | I am going to keep going until you tell me to stop..
CONSOLE - 2015-Dec-14 14:37:10.246 | 2abfc254-7f92-450d-b10a-e1e38121ad6d | DEBUG | FileLogger | I am doing something damn it!
CONSOLE - 2015-Dec-14 14:37:10.847 | 174902f9-0dd6-49d2-8934-cd149a5679d5 | INFO  | FileLogger | I am going to keep going until you tell me to stop..
CONSOLE - 2015-Dec-14 14:37:10.848 | 174902f9-0dd6-49d2-8934-cd149a5679d5 | DEBUG | FileLogger | I am doing something damn it!
CONSOLE - 2015-Dec-14 14:37:11.247 | 2abfc254-7f92-450d-b10a-e1e38121ad6d | INFO  | FileLogger | I am going to keep going until you tell me to stop..
CONSOLE - 2015-Dec-14 14:37:11.248 | 2abfc254-7f92-450d-b10a-e1e38121ad6d | DEBUG | FileLogger | I am doing something damn it!
CONSOLE - 2015-Dec-14 14:37:11.849 | 174902f9-0dd6-49d2-8934-cd149a5679d5 | INFO  | FileLogger | I am going to keep going until you tell me to stop..
CONSOLE - 2015-Dec-14 14:37:11.850 | 174902f9-0dd6-49d2-8934-cd149a5679d5 | DEBUG | FileLogger | I am doing something damn it!
CONSOLE - 2015-Dec-14 14:37:12.249 | 2abfc254-7f92-450d-b10a-e1e38121ad6d | INFO  | FileLogger | I am going to keep going until you tell me to stop..
CONSOLE - 2015-Dec-14 14:37:12.249 | 2abfc254-7f92-450d-b10a-e1e38121ad6d | DEBUG | FileLogger | I am doing something damn it!
CONSOLE - 2015-Dec-14 14:37:12.851 | 174902f9-0dd6-49d2-8934-cd149a5679d5 | INFO  | FileLogger | I am going to keep going until you tell me to stop..
CONSOLE - 2015-Dec-14 14:37:12.852 | 174902f9-0dd6-49d2-8934-cd149a5679d5 | DEBUG | FileLogger | I am doing something damn it!
CONSOLE - 2015-Dec-14 14:37:24.009 | 5df97061-b5f7-4c5e-942b-8c455dbd6d2f | INFO  | FileLogger | I am going to keep going until you tell me to stop..
CONSOLE - 2015-Dec-14 14:37:24.013 | 5df97061-b5f7-4c5e-942b-8c455dbd6d2f | DEBUG | FileLogger | I am doing something damn it!
CONSOLE - 2015-Dec-14 14:37:24.398 | e0ee94eb-52a8-46b1-b953-aecf4af25e24 | INFO  | FileLogger | I am going to keep going until you tell me to stop..
CONSOLE - 2015-Dec-14 14:37:24.399 | e0ee94eb-52a8-46b1-b953-aecf4af25e24 | DEBUG | FileLogger | I am doing something damn it!
CONSOLE - 2015-Dec-14 14:37:25.013 | 5df97061-b5f7-4c5e-942b-8c455dbd6d2f | INFO  | FileLogger | I am going to keep going until you tell me to stop..
CONSOLE - 2015-Dec-14 14:37:25.014 | 5df97061-b5f7-4c5e-942b-8c455dbd6d2f | DEBUG | FileLogger | I am doing something damn it!
CONSOLE - 2015-Dec-14 14:37:25.400 | e0ee94eb-52a8-46b1-b953-aecf4af25e24 | INFO  | FileLogger | I am going to keep going until you tell me to stop..
CONSOLE - 2015-Dec-14 14:37:25.402 | e0ee94eb-52a8-46b1-b953-aecf4af25e24 | DEBUG | FileLogger | I am doing something damn it!
CONSOLE - 2015-Dec-14 14:37:26.015 | 5df97061-b5f7-4c5e-942b-8c455dbd6d2f | INFO  | FileLogger | I am going to keep going until you tell me to stop..
CONSOLE - 2015-Dec-14 14:37:26.017 | 5df97061-b5f7-4c5e-942b-8c455dbd6d2f | DEBUG | FileLogger | I am doing something damn it!
CONSOLE - 2015-Dec-14 14:37:26.403 | e0ee94eb-52a8-46b1-b953-aecf4af25e24 | INFO  | FileLogger | I am going to keep going until you tell me to stop..
CONSOLE - 2015-Dec-14 14:37:26.404 | e0ee94eb-52a8-46b1-b953-aecf4af25e24 | DEBUG | FileLogger | I am doing something damn it!
CONSOLE - 2015-Dec-14 14:37:27.018 | 5df97061-b5f7-4c5e-942b-8c455dbd6d2f | INFO  | FileLogger | I am going to keep going until you tell me to stop..
CONSOLE - 2015-Dec-14 14:37:27.019 | 5df97061-b5f7-4c5e-942b-8c455dbd6d2f | DEBUG | FileLogger | I am doing something damn it!
CONSOLE - 2015-Dec-14 14:37:27.406 | e0ee94eb-52a8-46b1-b953-aecf4af25e24 | INFO  | FileLogger | I am going to keep going until you tell me to stop..
CONSOLE - 2015-Dec-14 14:37:27.407 | e0ee94eb-52a8-46b1-b953-aecf4af25e24 | DEBUG | FileLogger | I am doing something damn it!
CONSOLE - 2015-Dec-14 14:37:28.020 | 5df97061-b5f7-4c5e-942b-8c455dbd6d2f | INFO  | FileLogger | I am going to keep going until you tell me to stop..
CONSOLE - 2015-Dec-14 14:37:28.021 | 5df97061-b5f7-4c5e-942b-8c455dbd6d2f | DEBUG | FileLogger | I am doing something damn it!
CONSOLE - 2015-Dec-14 14:37:28.408 | e0ee94eb-52a8-46b1-b953-aecf4af25e24 | INFO  | FileLogger | I am going to keep going until you tell me to stop..
CONSOLE - 2015-Dec-14 14:37:28.409 | e0ee94eb-52a8-46b1-b953-aecf4af25e24 | DEBUG | FileLogger | I am doing something damn it!
CONSOLE - 2015-Dec-14 14:39:14.493 | 0e888eec-d23f-495e-937d-d44869eef4ce | FileLogger | INFO  | SomeLoggingClass | I am going to keep going until you tell me to stop..
CONSOLE - 2015-Dec-14 14:39:14.497 | 0e888eec-d23f-495e-937d-d44869eef4ce | FileLogger | DEBUG | AnotherLoggingClass | I am doing something damn it!
CONSOLE - 2015-Dec-14 14:39:14.880 | 73290402-85a2-44fa-afdf-ce701c23ca24 | FileLogger | INFO  | SomeLoggingClass | I am going to keep going until you tell me to stop..
CONSOLE - 2015-Dec-14 14:39:14.881 | 73290402-85a2-44fa-afdf-ce701c23ca24 | FileLogger | DEBUG | AnotherLoggingClass | I am doing something damn it!
CONSOLE - 2015-Dec-14 14:39:15.498 | 0e888eec-d23f-495e-937d-d44869eef4ce | FileLogger | INFO  | SomeLoggingClass | I am going to keep going until you tell me to stop..
CONSOLE - 2015-Dec-14 14:39:15.499 | 0e888eec-d23f-495e-937d-d44869eef4ce | FileLogger | DEBUG | AnotherLoggingClass | I am doing something damn it!
CONSOLE - 2015-Dec-14 14:39:15.882 | 73290402-85a2-44fa-afdf-ce701c23ca24 | FileLogger | INFO  | SomeLoggingClass | I am going to keep going until you tell me to stop..
CONSOLE - 2015-Dec-14 14:39:15.883 | 73290402-85a2-44fa-afdf-ce701c23ca24 | FileLogger | DEBUG | AnotherLoggingClass | I am doing something damn it!
CONSOLE - 2015-Dec-14 14:39:16.500 | 0e888eec-d23f-495e-937d-d44869eef4ce | FileLogger | INFO  | SomeLoggingClass | I am going to keep going until you tell me to stop..
CONSOLE - 2015-Dec-14 14:39:16.501 | 0e888eec-d23f-495e-937d-d44869eef4ce | FileLogger | DEBUG | AnotherLoggingClass | I am doing something damn it!
CONSOLE - 2015-Dec-14 14:39:16.884 | 73290402-85a2-44fa-afdf-ce701c23ca24 | FileLogger | INFO  | SomeLoggingClass | I am going to keep going until you tell me to stop..
CONSOLE - 2015-Dec-14 14:39:16.885 | 73290402-85a2-44fa-afdf-ce701c23ca24 | FileLogger | DEBUG | AnotherLoggingClass | I am doing something damn it!
CONSOLE - 2015-Dec-14 14:39:17.502 | 0e888eec-d23f-495e-937d-d44869eef4ce | FileLogger | INFO  | SomeLoggingClass | I am going to keep going until you tell me to stop..
CONSOLE - 2015-Dec-14 14:39:17.503 | 0e888eec-d23f-495e-937d-d44869eef4ce | FileLogger | DEBUG | AnotherLoggingClass | I am doing something damn it!
CONSOLE - 2015-Dec-14 14:39:17.886 | 73290402-85a2-44fa-afdf-ce701c23ca24 | FileLogger | INFO  | SomeLoggingClass | I am going to keep going until you tell me to stop..
CONSOLE - 2015-Dec-14 14:39:17.887 | 73290402-85a2-44fa-afdf-ce701c23ca24 | FileLogger | DEBUG | AnotherLoggingClass | I am doing something damn it!
CONSOLE - 2015-Dec-14 14:39:18.504 | 0e888eec-d23f-495e-937d-d44869eef4ce | FileLogger | INFO  | SomeLoggingClass | I am going to keep going until you tell me to stop..
CONSOLE - 2015-Dec-14 14:39:18.505 | 0e888eec-d23f-495e-937d-d44869eef4ce | FileLogger | DEBUG | AnotherLoggingClass | I am doing something damn it!
CONSOLE - 2015-Dec-14 14:39:18.889 | 73290402-85a2-44fa-afdf-ce701c23ca24 | FileLogger | INFO  | SomeLoggingClass | I am going to keep going until you tell me to stop..
CONSOLE - 2015-Dec-14 14:39:18.890 | 73290402-85a2-44fa-afdf-ce701c23ca24 | FileLogger | DEBUG | AnotherLoggingClass | I am doing something damn it!
CONSOLE - 2015-Dec-14 14:39:19.506 | 0e888eec-d23f-495e-937d-d44869eef4ce | FileLogger | INFO  | SomeLoggingClass | I am going to keep going until you tell me to stop..
CONSOLE - 2015-Dec-14 14:39:19.507 | 0e888eec-d23f-495e-937d-d44869eef4ce | FileLogger | DEBUG | AnotherLoggingClass | I am doing something damn it!
CONSOLE - 2015-Dec-14 14:39:19.891 | 73290402-85a2-44fa-afdf-ce701c23ca24 | FileLogger | INFO  | SomeLoggingClass | I am going to keep going until you tell me to stop..
CONSOLE - 2015-Dec-14 14:39:19.892 | 73290402-85a2-44fa-afdf-ce701c23ca24 | FileLogger | DEBUG | AnotherLoggingClass | I am doing something damn it!
CONSOLE - 2015-Dec-14 14:39:20.508 | 0e888eec-d23f-495e-937d-d44869eef4ce | FileLogger | INFO  | SomeLoggingClass | I am going to keep going until you tell me to stop..
CONSOLE - 2015-Dec-14 14:39:20.509 | 0e888eec-d23f-495e-937d-d44869eef4ce | FileLogger | DEBUG | AnotherLoggingClass | I am doing something damn it!
CONSOLE - 2015-Dec-14 14:39:20.893 | 73290402-85a2-44fa-afdf-ce701c23ca24 | FileLogger | INFO  | SomeLoggingClass | I am going to keep going until you tell me to stop..
CONSOLE - 2015-Dec-14 14:39:20.894 | 73290402-85a2-44fa-afdf-ce701c23ca24 | FileLogger | DEBUG | AnotherLoggingClass | I am doing something damn it!
CONSOLE - 2015-Dec-14 14:39:21.511 | 0e888eec-d23f-495e-937d-d44869eef4ce | FileLogger | INFO  | SomeLoggingClass | I am going to keep going until you tell me to stop..
CONSOLE - 2015-Dec-14 14:39:21.512 | 0e888eec-d23f-495e-937d-d44869eef4ce | FileLogger | DEBUG | AnotherLoggingClass | I am doing something damn it!
CONSOLE - 2015-Dec-14 14:39:21.896 | 73290402-85a2-44fa-afdf-ce701c23ca24 | FileLogger | INFO  | SomeLoggingClass | I am going to keep going until you tell me to stop..
CONSOLE - 2015-Dec-14 14:39:21.898 | 73290402-85a2-44fa-afdf-ce701c23ca24 | FileLogger | DEBUG | AnotherLoggingClass | I am doing something damn it!
CONSOLE - 2015-Dec-14 14:39:22.512 | 0e888eec-d23f-495e-937d-d44869eef4ce | FileLogger | INFO  | SomeLoggingClass | I am going to keep going until you tell me to stop..
CONSOLE - 2015-Dec-14 14:39:22.514 | 0e888eec-d23f-495e-937d-d44869eef4ce | FileLogger | DEBUG | AnotherLoggingClass | I am doing something damn it!
CONSOLE - 2015-Dec-14 14:39:22.899 | 73290402-85a2-44fa-afdf-ce701c23ca24 | FileLogger | INFO  | SomeLoggingClass | I am going to keep going until you tell me to stop..
CONSOLE - 2015-Dec-14 14:39:22.900 | 73290402-85a2-44fa-afdf-ce701c23ca24 | FileLogger | DEBUG | AnotherLoggingClass | I am doing something damn it!
