FILE - 2015-Dec-14 14:37:08.026 | efa9ef29-05af-454c-a893-25ea2c6c1716 | INFO  | FileLogger2 | I am going to keep going until you tell me to stop..
FILE - 2015-Dec-14 14:37:08.036 | efa9ef29-05af-454c-a893-25ea2c6c1716 | DEBUG | FileLogger2 | I am doing something damn it!
FILE - 2015-Dec-14 14:37:08.428 | 7f6788e4-e4d5-4fcf-8145-a5cfd98b12b9 | INFO  | FileLogger2 | I am going to keep going until you tell me to stop..
FILE - 2015-Dec-14 14:37:08.430 | 7f6788e4-e4d5-4fcf-8145-a5cfd98b12b9 | DEBUG | FileLogger2 | I am doing something damn it!
FILE - 2015-Dec-14 14:37:09.037 | efa9ef29-05af-454c-a893-25ea2c6c1716 | INFO  | FileLogger2 | I am going to keep going until you tell me to stop..
FILE - 2015-Dec-14 14:37:09.038 | efa9ef29-05af-454c-a893-25ea2c6c1716 | DEBUG | FileLogger2 | I am doing something damn it!
FILE - 2015-Dec-14 14:37:09.431 | 7f6788e4-e4d5-4fcf-8145-a5cfd98b12b9 | INFO  | FileLogger2 | I am going to keep going until you tell me to stop..
FILE - 2015-Dec-14 14:37:09.432 | 7f6788e4-e4d5-4fcf-8145-a5cfd98b12b9 | DEBUG | FileLogger2 | I am doing something damn it!
FILE - 2015-Dec-14 14:37:10.039 | efa9ef29-05af-454c-a893-25ea2c6c1716 | INFO  | FileLogger2 | I am going to keep going until you tell me to stop..
FILE - 2015-Dec-14 14:37:10.040 | efa9ef29-05af-454c-a893-25ea2c6c1716 | DEBUG | FileLogger2 | I am doing something damn it!
FILE - 2015-Dec-14 14:37:10.439 | 7f6788e4-e4d5-4fcf-8145-a5cfd98b12b9 | INFO  | FileLogger2 | I am going to keep going until you tell me to stop..
FILE - 2015-Dec-14 14:37:10.440 | 7f6788e4-e4d5-4fcf-8145-a5cfd98b12b9 | DEBUG | FileLogger2 | I am doing something damn it!
FILE - 2015-Dec-14 14:37:11.041 | efa9ef29-05af-454c-a893-25ea2c6c1716 | INFO  | FileLogger2 | I am going to keep going until you tell me to stop..
FILE - 2015-Dec-14 14:37:11.042 | efa9ef29-05af-454c-a893-25ea2c6c1716 | DEBUG | FileLogger2 | I am doing something damn it!
FILE - 2015-Dec-14 14:37:11.441 | 7f6788e4-e4d5-4fcf-8145-a5cfd98b12b9 | INFO  | FileLogger2 | I am going to keep going until you tell me to stop..
FILE - 2015-Dec-14 14:37:11.442 | 7f6788e4-e4d5-4fcf-8145-a5cfd98b12b9 | DEBUG | FileLogger2 | I am doing something damn it!
FILE - 2015-Dec-14 14:37:12.043 | efa9ef29-05af-454c-a893-25ea2c6c1716 | INFO  | FileLogger2 | I am going to keep going until you tell me to stop..
FILE - 2015-Dec-14 14:37:12.043 | efa9ef29-05af-454c-a893-25ea2c6c1716 | DEBUG | FileLogger2 | I am doing something damn it!
FILE - 2015-Dec-14 14:37:12.443 | 7f6788e4-e4d5-4fcf-8145-a5cfd98b12b9 | INFO  | FileLogger2 | I am going to keep going until you tell me to stop..
FILE - 2015-Dec-14 14:37:12.459 | 7f6788e4-e4d5-4fcf-8145-a5cfd98b12b9 | DEBUG | FileLogger2 | I am doing something damn it!
FILE - 2015-Dec-14 14:37:13.044 | efa9ef29-05af-454c-a893-25ea2c6c1716 | INFO  | FileLogger2 | I am going to keep going until you tell me to stop..
FILE - 2015-Dec-14 14:37:13.044 | efa9ef29-05af-454c-a893-25ea2c6c1716 | DEBUG | FileLogger2 | I am doing something damn it!
FILE - 2015-Dec-14 14:37:24.197 | e6abc932-326a-404f-8661-4baad1e72a49 | INFO  | FileLogger2 | I am going to keep going until you tell me to stop..
FILE - 2015-Dec-14 14:37:24.207 | e6abc932-326a-404f-8661-4baad1e72a49 | DEBUG | FileLogger2 | I am doing something damn it!
FILE - 2015-Dec-14 14:37:24.599 | 98de4110-4840-4613-a31a-c46b0994e010 | INFO  | FileLogger2 | I am going to keep going until you tell me to stop..
FILE - 2015-Dec-14 14:37:24.600 | 98de4110-4840-4613-a31a-c46b0994e010 | DEBUG | FileLogger2 | I am doing something damn it!
FILE - 2015-Dec-14 14:37:25.208 | e6abc932-326a-404f-8661-4baad1e72a49 | INFO  | FileLogger2 | I am going to keep going until you tell me to stop..
FILE - 2015-Dec-14 14:37:25.209 | e6abc932-326a-404f-8661-4baad1e72a49 | DEBUG | FileLogger2 | I am doing something damn it!
FILE - 2015-Dec-14 14:37:25.602 | 98de4110-4840-4613-a31a-c46b0994e010 | INFO  | FileLogger2 | I am going to keep going until you tell me to stop..
FILE - 2015-Dec-14 14:37:25.603 | 98de4110-4840-4613-a31a-c46b0994e010 | DEBUG | FileLogger2 | I am doing something damn it!
FILE - 2015-Dec-14 14:37:26.210 | e6abc932-326a-404f-8661-4baad1e72a49 | INFO  | FileLogger2 | I am going to keep going until you tell me to stop..
FILE - 2015-Dec-14 14:37:26.211 | e6abc932-326a-404f-8661-4baad1e72a49 | DEBUG | FileLogger2 | I am doing something damn it!
FILE - 2015-Dec-14 14:37:26.611 | 98de4110-4840-4613-a31a-c46b0994e010 | INFO  | FileLogger2 | I am going to keep going until you tell me to stop..
FILE - 2015-Dec-14 14:37:26.612 | 98de4110-4840-4613-a31a-c46b0994e010 | DEBUG | FileLogger2 | I am doing something damn it!
FILE - 2015-Dec-14 14:37:27.212 | e6abc932-326a-404f-8661-4baad1e72a49 | INFO  | FileLogger2 | I am going to keep going until you tell me to stop..
FILE - 2015-Dec-14 14:37:27.213 | e6abc932-326a-404f-8661-4baad1e72a49 | DEBUG | FileLogger2 | I am doing something damn it!
FILE - 2015-Dec-14 14:37:27.614 | 98de4110-4840-4613-a31a-c46b0994e010 | INFO  | FileLogger2 | I am going to keep going until you tell me to stop..
FILE - 2015-Dec-14 14:37:27.615 | 98de4110-4840-4613-a31a-c46b0994e010 | DEBUG | FileLogger2 | I am doing something damn it!
FILE - 2015-Dec-14 14:37:28.215 | e6abc932-326a-404f-8661-4baad1e72a49 | INFO  | FileLogger2 | I am going to keep going until you tell me to stop..
FILE - 2015-Dec-14 14:37:28.216 | e6abc932-326a-404f-8661-4baad1e72a49 | DEBUG | FileLogger2 | I am doing something damn it!
FILE - 2015-Dec-14 14:39:14.679 | df634ff9-6476-4bff-acbe-01ab9695b58d | FileLogger2 | INFO  | SomeLoggingClass | I am going to keep going until you tell me to stop..
FILE - 2015-Dec-14 14:39:14.688 | df634ff9-6476-4bff-acbe-01ab9695b58d | FileLogger2 | DEBUG | AnotherLoggingClass | I am doing something damn it!
FILE - 2015-Dec-14 14:39:15.080 | faffb1ba-c645-4464-8ed6-1aeade62a610 | FileLogger2 | INFO  | SomeLoggingClass | I am going to keep going until you tell me to stop..
FILE - 2015-Dec-14 14:39:15.081 | faffb1ba-c645-4464-8ed6-1aeade62a610 | FileLogger2 | DEBUG | AnotherLoggingClass | I am doing something damn it!
FILE - 2015-Dec-14 14:39:15.689 | df634ff9-6476-4bff-acbe-01ab9695b58d | FileLogger2 | INFO  | SomeLoggingClass | I am going to keep going until you tell me to stop..
FILE - 2015-Dec-14 14:39:15.690 | df634ff9-6476-4bff-acbe-01ab9695b58d | FileLogger2 | DEBUG | AnotherLoggingClass | I am doing something damn it!
FILE - 2015-Dec-14 14:39:16.082 | faffb1ba-c645-4464-8ed6-1aeade62a610 | FileLogger2 | INFO  | SomeLoggingClass | I am going to keep going until you tell me to stop..
FILE - 2015-Dec-14 14:39:16.083 | faffb1ba-c645-4464-8ed6-1aeade62a610 | FileLogger2 | DEBUG | AnotherLoggingClass | I am doing something damn it!
FILE - 2015-Dec-14 14:39:16.691 | df634ff9-6476-4bff-acbe-01ab9695b58d | FileLogger2 | INFO  | SomeLoggingClass | I am going to keep going until you tell me to stop..
FILE - 2015-Dec-14 14:39:16.692 | df634ff9-6476-4bff-acbe-01ab9695b58d | FileLogger2 | DEBUG | AnotherLoggingClass | I am doing something damn it!
FILE - 2015-Dec-14 14:39:17.090 | faffb1ba-c645-4464-8ed6-1aeade62a610 | FileLogger2 | INFO  | SomeLoggingClass | I am going to keep going until you tell me to stop..
FILE - 2015-Dec-14 14:39:17.092 | faffb1ba-c645-4464-8ed6-1aeade62a610 | FileLogger2 | DEBUG | AnotherLoggingClass | I am doing something damn it!
FILE - 2015-Dec-14 14:39:17.694 | df634ff9-6476-4bff-acbe-01ab9695b58d | FileLogger2 | INFO  | SomeLoggingClass | I am going to keep going until you tell me to stop..
FILE - 2015-Dec-14 14:39:17.695 | df634ff9-6476-4bff-acbe-01ab9695b58d | FileLogger2 | DEBUG | AnotherLoggingClass | I am doing something damn it!
FILE - 2015-Dec-14 14:39:18.093 | faffb1ba-c645-4464-8ed6-1aeade62a610 | FileLogger2 | INFO  | SomeLoggingClass | I am going to keep going until you tell me to stop..
FILE - 2015-Dec-14 14:39:18.094 | faffb1ba-c645-4464-8ed6-1aeade62a610 | FileLogger2 | DEBUG | AnotherLoggingClass | I am doing something damn it!
FILE - 2015-Dec-14 14:39:18.696 | df634ff9-6476-4bff-acbe-01ab9695b58d | FileLogger2 | INFO  | SomeLoggingClass | I am going to keep going until you tell me to stop..
FILE - 2015-Dec-14 14:39:18.697 | df634ff9-6476-4bff-acbe-01ab9695b58d | FileLogger2 | DEBUG | AnotherLoggingClass | I am doing something damn it!
FILE - 2015-Dec-14 14:39:19.095 | faffb1ba-c645-4464-8ed6-1aeade62a610 | FileLogger2 | INFO  | SomeLoggingClass | I am going to keep going until you tell me to stop..
FILE - 2015-Dec-14 14:39:19.096 | faffb1ba-c645-4464-8ed6-1aeade62a610 | FileLogger2 | DEBUG | AnotherLoggingClass | I am doing something damn it!
FILE - 2015-Dec-14 14:39:19.698 | df634ff9-6476-4bff-acbe-01ab9695b58d | FileLogger2 | INFO  | SomeLoggingClass | I am going to keep going until you tell me to stop..
FILE - 2015-Dec-14 14:39:19.699 | df634ff9-6476-4bff-acbe-01ab9695b58d | FileLogger2 | DEBUG | AnotherLoggingClass | I am doing something damn it!
FILE - 2015-Dec-14 14:39:20.097 | faffb1ba-c645-4464-8ed6-1aeade62a610 | FileLogger2 | INFO  | SomeLoggingClass | I am going to keep going until you tell me to stop..
FILE - 2015-Dec-14 14:39:20.098 | faffb1ba-c645-4464-8ed6-1aeade62a610 | FileLogger2 | DEBUG | AnotherLoggingClass | I am doing something damn it!
FILE - 2015-Dec-14 14:39:20.700 | df634ff9-6476-4bff-acbe-01ab9695b58d | FileLogger2 | INFO  | SomeLoggingClass | I am going to keep going until you tell me to stop..
FILE - 2015-Dec-14 14:39:20.701 | df634ff9-6476-4bff-acbe-01ab9695b58d | FileLogger2 | DEBUG | AnotherLoggingClass | I am doing something damn it!
FILE - 2015-Dec-14 14:39:21.099 | faffb1ba-c645-4464-8ed6-1aeade62a610 | FileLogger2 | INFO  | SomeLoggingClass | I am going to keep going until you tell me to stop..
FILE - 2015-Dec-14 14:39:21.100 | faffb1ba-c645-4464-8ed6-1aeade62a610 | FileLogger2 | DEBUG | AnotherLoggingClass | I am doing something damn it!
FILE - 2015-Dec-14 14:39:21.703 | df634ff9-6476-4bff-acbe-01ab9695b58d | FileLogger2 | INFO  | SomeLoggingClass | I am going to keep going until you tell me to stop..
FILE - 2015-Dec-14 14:39:21.703 | df634ff9-6476-4bff-acbe-01ab9695b58d | FileLogger2 | DEBUG | AnotherLoggingClass | I am doing something damn it!
FILE - 2015-Dec-14 14:39:22.102 | faffb1ba-c645-4464-8ed6-1aeade62a610 | FileLogger2 | INFO  | SomeLoggingClass | I am going to keep going until you tell me to stop..
FILE - 2015-Dec-14 14:39:22.102 | faffb1ba-c645-4464-8ed6-1aeade62a610 | FileLogger2 | DEBUG | AnotherLoggingClass | I am doing something damn it!
FILE - 2015-Dec-14 14:39:22.703 | df634ff9-6476-4bff-acbe-01ab9695b58d | FileLogger2 | INFO  | SomeLoggingClass | I am going to keep going until you tell me to stop..
FILE - 2015-Dec-14 14:39:22.704 | df634ff9-6476-4bff-acbe-01ab9695b58d | FileLogger2 | DEBUG | AnotherLoggingClass | I am doing something damn it!
